Using pre-set license
Built from '2020.3/staging' branch; Version is '2020.3.0f1 (c7b5465681fb) revision 13088070'; Using compiler version '192528614'; Build Type 'Release'
OS: 'Windows 10 Pro Education; OS build 19045.3208; Version 2009; 64bit' Language: 'en' Physical Memory: 8085 MB
BatchMode: 1, IsHumanControllingUs: 0, StartBugReporterOnCrash: 0, Is64bit: 1, IsPro: 0

 COMMAND LINE ARGUMENTS:
D:\Unity\Editor\Unity.exe
-adb2
-batchMode
-noUpm
-name
AssetImportWorker0
-projectPath
D:/unity3d_learning/Zombie Runner
-logFile
Logs/AssetImportWorker0.log
-srvPort
53528
Successfully changed project path to: D:/unity3d_learning/Zombie Runner
D:/unity3d_learning/Zombie Runner
Using Asset Import Pipeline V2.
Refreshing native plugins compatible for Editor in 28.49 ms, found 0 plugins.
Preloading 0 native plugins for Editor in 0.00 ms.
Initialize engine version: 2020.3.0f1 (c7b5465681fb)
[Subsystems] Discovering subsystems at path D:/Unity/Editor/Data/Resources/UnitySubsystems
[Subsystems] Discovering subsystems at path D:/unity3d_learning/Zombie Runner/Assets
GfxDevice: creating device client; threaded=0
Direct3D:
    Version:  Direct3D 11.0 [level 11.1]
    Renderer: NVIDIA GeForce GT 1030 (ID=0x1d01)
    Vendor:   
    VRAM:     1982 MB
    Driver:   30.0.14.7141
Initialize mono
Mono path[0] = 'D:/Unity/Editor/Data/Managed'
Mono path[1] = 'D:/Unity/Editor/Data/MonoBleedingEdge/lib/mono/unityjit'
Mono config path = 'D:/Unity/Editor/Data/MonoBleedingEdge/etc'
Using monoOptions --debugger-agent=transport=dt_socket,embedding=1,server=y,suspend=n,address=127.0.0.1:56320
Begin MonoManager ReloadAssembly
Registering precompiled unity dll's ...
Register platform support module: D:/Unity/Editor/Data/PlaybackEngines/WindowsStandaloneSupport/UnityEditor.WindowsStandalone.Extensions.dll
Registered in 0.000764 seconds.
Native extension for WindowsStandalone target not found
Refreshing native plugins compatible for Editor in 29.28 ms, found 0 plugins.
Preloading 0 native plugins for Editor in 0.00 ms.
Invoked RoslynAnalysisRunner static constructor.
RoslynAnalysisRunner will not be running.
RoslynAnalysisRunner has terminated.
Mono: successfully reloaded assembly
- Completed reload, in  0.689 seconds
Platform modules already initialized, skipping
Registering precompiled user dll's ...
Registered in 0.000546 seconds.
Begin MonoManager ReloadAssembly
Native extension for WindowsStandalone target not found
Refreshing native plugins compatible for Editor in 29.40 ms, found 0 plugins.
Preloading 0 native plugins for Editor in 0.00 ms.
Invoked RoslynAnalysisRunner static constructor.
RoslynAnalysisRunner will not be running.
RoslynAnalysisRunner has terminated.
Mono: successfully reloaded assembly
- Completed reload, in  0.829 seconds
Platform modules already initialized, skipping
========================================================================
Worker process is ready to serve import requests
Launched and connected shader compiler UnityShaderCompiler.exe after 0.04 seconds
Refreshing native plugins compatible for Editor in 0.29 ms, found 0 plugins.
Preloading 0 native plugins for Editor in 0.00 ms.
Unloading 1632 Unused Serialized files (Serialized files now loaded: 0)
System memory in use before: 76.7 MB.
System memory in use after: 76.8 MB.

Unloading 24 unused Assets to reduce memory usage. Loaded Objects now: 2077.
Total: 1.872500 ms (FindLiveObjects: 0.210800 ms CreateObjectMapping: 0.088800 ms MarkObjects: 1.509300 ms  DeleteObjects: 0.062600 ms)

========================================================================
Received Import Request.
  path: Assets/Scenes/Box.mat
  artifactKey: Guid(e1a098461b3a79f449a65526772153e2) Importer(815301076,1909f56bfc062723c751e8b465ee728b)
Start importing Assets/Scenes/Box.mat using Guid(e1a098461b3a79f449a65526772153e2) Importer(815301076,1909f56bfc062723c751e8b465ee728b)  -> (artifact id: 'badbf8958f98e1ce7d1e4b8e1c5f7213') in 0.115671 seconds
  Import took 0.119344 seconds .

========================================================================
Received Import Request.
  Time since last request: 16.672480 seconds.
  path: Assets/Scenes
  artifactKey: Guid(29fabe3c4515a1940a053ffdeea83517) Importer(815301076,1909f56bfc062723c751e8b465ee728b)
Start importing Assets/Scenes using Guid(29fabe3c4515a1940a053ffdeea83517) Importer(815301076,1909f56bfc062723c751e8b465ee728b)  -> (artifact id: '6f1104b752ae4ed551aae1251b2e68e8') in 0.010849 seconds
  Import took 0.014566 seconds .

========================================================================
Received Import Request.
  Time since last request: 18.734761 seconds.
  path: Assets/Scenes/Tunnel.mat
  artifactKey: Guid(0d84046335b281940b67860fb62506e9) Importer(815301076,1909f56bfc062723c751e8b465ee728b)
Start importing Assets/Scenes/Tunnel.mat using Guid(0d84046335b281940b67860fb62506e9) Importer(815301076,1909f56bfc062723c751e8b465ee728b)  -> (artifact id: 'fa33845de5ce090d64543785885e5d68') in 0.016910 seconds
  Import took 0.020506 seconds .

========================================================================
Received Import Request.
  Time since last request: 48.887578 seconds.
  path: Assets/Scenes/Ramp.mat
  artifactKey: Guid(f92fd025cf06b20419d66cc86dd619d2) Importer(815301076,1909f56bfc062723c751e8b465ee728b)
Start importing Assets/Scenes/Ramp.mat using Guid(f92fd025cf06b20419d66cc86dd619d2) Importer(815301076,1909f56bfc062723c751e8b465ee728b)  -> (artifact id: '3e18b375349dc4aaa277e98bc771a5f9') in 0.015656 seconds
  Import took 0.019126 seconds .

========================================================================
Received Import Request.
  Time since last request: 14.696232 seconds.
  path: Assets/Scenes/house.mat
  artifactKey: Guid(6ead8d9eff2c95f4eb4e360e61d2874c) Importer(815301076,1909f56bfc062723c751e8b465ee728b)
Start importing Assets/Scenes/house.mat using Guid(6ead8d9eff2c95f4eb4e360e61d2874c) Importer(815301076,1909f56bfc062723c751e8b465ee728b)  -> (artifact id: '96b15b79b72046a02a33ed012d448c0a') in 0.015637 seconds
  Import took 0.019271 seconds .

========================================================================
Received Import Request.
  Time since last request: 21.446805 seconds.
  path: Assets/Scenes/Stairs.mat
  artifactKey: Guid(dc341631204d45b46933d95ac09a0950) Importer(815301076,1909f56bfc062723c751e8b465ee728b)
Start importing Assets/Scenes/Stairs.mat using Guid(dc341631204d45b46933d95ac09a0950) Importer(815301076,1909f56bfc062723c751e8b465ee728b)  -> (artifact id: 'ca179f197aea303d3e511ad903b5876f') in 0.014535 seconds
  Import took 0.018845 seconds .

========================================================================
Received Import Request.
  Time since last request: 30.902449 seconds.
  path: Assets/Scenes/Ground.mat
  artifactKey: Guid(ea5eb37cafe22224bb69bcd217bc4835) Importer(815301076,1909f56bfc062723c751e8b465ee728b)
Start importing Assets/Scenes/Ground.mat using Guid(ea5eb37cafe22224bb69bcd217bc4835) Importer(815301076,1909f56bfc062723c751e8b465ee728b)  -> (artifact id: '462ee68625197dd22929534c208fb4e9') in 0.015853 seconds
  Import took 0.019423 seconds .

========================================================================
Received Import Request.
  Time since last request: 36.123326 seconds.
  path: Assets/Scenes/Box350.mat
  artifactKey: Guid(103e5d9f1576d574a89a46953b3efc5f) Importer(815301076,1909f56bfc062723c751e8b465ee728b)
Start importing Assets/Scenes/Box350.mat using Guid(103e5d9f1576d574a89a46953b3efc5f) Importer(815301076,1909f56bfc062723c751e8b465ee728b)  -> (artifact id: 'dbe619584cc829a17ae2fe50b360350c') in 0.014384 seconds
  Import took 0.018330 seconds .

========================================================================
Received Import Request.
  Time since last request: 40.995471 seconds.
  path: Assets/Scenes/Wall.mat
  artifactKey: Guid(00c8b38c1fb211c4a93f1f3f0a2bf33a) Importer(815301076,1909f56bfc062723c751e8b465ee728b)
Start importing Assets/Scenes/Wall.mat using Guid(00c8b38c1fb211c4a93f1f3f0a2bf33a) Importer(815301076,1909f56bfc062723c751e8b465ee728b)  -> (artifact id: '0a6e856e3ac9100100b9c4a252bc367f') in 0.015303 seconds
  Import took 0.018753 seconds .

========================================================================
Received Prepare
Registering precompiled user dll's ...
Registered in 0.000556 seconds.
Begin MonoManager ReloadAssembly
Native extension for WindowsStandalone target not found
Refreshing native plugins compatible for Editor in 0.38 ms, found 0 plugins.
Preloading 0 native plugins for Editor in 0.00 ms.
Invoked RoslynAnalysisRunner static constructor.
RoslynAnalysisRunner will not be running.
RoslynAnalysisRunner has terminated.
Mono: successfully reloaded assembly
- Completed reload, in  0.928 seconds
Platform modules already initialized, skipping
Refreshing native plugins compatible for Editor in 0.34 ms, found 0 plugins.
Preloading 0 native plugins for Editor in 0.00 ms.
Unloading 1625 Unused Serialized files (Serialized files now loaded: 0)
System memory in use before: 80.1 MB.
System memory in use after: 80.2 MB.

Unloading 18 unused Assets to reduce memory usage. Loaded Objects now: 2121.
Total: 4.234100 ms (FindLiveObjects: 0.275200 ms CreateObjectMapping: 0.204400 ms MarkObjects: 3.701600 ms  DeleteObjects: 0.049200 ms)

========================================================================
Received Prepare
Registering precompiled user dll's ...
Registered in 0.000599 seconds.
Begin MonoManager ReloadAssembly
Native extension for WindowsStandalone target not found
Refreshing native plugins compatible for Editor in 0.46 ms, found 0 plugins.
Preloading 0 native plugins for Editor in 0.00 ms.
Invoked RoslynAnalysisRunner static constructor.
RoslynAnalysisRunner will not be running.
RoslynAnalysisRunner has terminated.
Mono: successfully reloaded assembly
- Completed reload, in  0.904 seconds
Platform modules already initialized, skipping
Refreshing native plugins compatible for Editor in 0.41 ms, found 0 plugins.
Preloading 0 native plugins for Editor in 0.00 ms.
Unloading 1625 Unused Serialized files (Serialized files now loaded: 0)
System memory in use before: 80.1 MB.
System memory in use after: 80.2 MB.

Unloading 18 unused Assets to reduce memory usage. Loaded Objects now: 2125.
Total: 1.892300 ms (FindLiveObjects: 0.232000 ms CreateObjectMapping: 0.070300 ms MarkObjects: 1.570700 ms  DeleteObjects: 0.017600 ms)

========================================================================
Received Prepare
Registering precompiled user dll's ...
Registered in 0.004108 seconds.
Begin MonoManager ReloadAssembly
Native extension for WindowsStandalone target not found
Refreshing native plugins compatible for Editor in 1.04 ms, found 0 plugins.
Preloading 0 native plugins for Editor in 0.00 ms.
Invoked RoslynAnalysisRunner static constructor.
RoslynAnalysisRunner will not be running.
RoslynAnalysisRunner has terminated.
Mono: successfully reloaded assembly
- Completed reload, in  1.086 seconds
Platform modules already initialized, skipping
Refreshing native plugins compatible for Editor in 0.86 ms, found 0 plugins.
Preloading 0 native plugins for Editor in 0.00 ms.
Unloading 1625 Unused Serialized files (Serialized files now loaded: 0)
System memory in use before: 80.1 MB.
System memory in use after: 80.2 MB.

Unloading 18 unused Assets to reduce memory usage. Loaded Objects now: 2129.
Total: 3.847600 ms (FindLiveObjects: 0.223500 ms CreateObjectMapping: 0.058100 ms MarkObjects: 3.508400 ms  DeleteObjects: 0.055200 ms)

AssetImportWorkerClient::OnTransportError - code=2 error=End of file
